#
# A fatal error has been detected by the Java Runtime Environment:
#
#  EXCEPTION_ACCESS_VIOLATION (0xc0000005) at pc=0x00007ffc435e50d0, pid=5888, tid=10252
#
# JRE version: Java(TM) SE Runtime Environment (19.0.2+7) (build 19.0.2+7-44)
# Java VM: Java HotSpot(TM) 64-Bit Server VM (19.0.2+7-44, mixed mode, sharing, tiered, compressed oops, compressed class ptrs, g1 gc, windows-amd64)
# Problematic frame:
# V  [jvm.dll+0x150d0]
#
# No core dump will be written. Minidumps are not enabled by default on client versions of Windows
#
# If you would like to submit a bug report, please visit:
#   https://bugreport.java.com/bugreport/crash.jsp
#

---------------  S U M M A R Y ------------

Command Line: GUI.application.Application

Host: AMD Ryzen 7 4800H with Radeon Graphics         , 16 cores, 15G,  Windows 11 , 64 bit Build 22621 (10.0.22621.2506)
Time: Sat Dec 30 22:37:41 2023 Hora est. Pacífico, Sudamérica elapsed time: 85.849759 seconds (0d 0h 1m 25s)

---------------  T H R E A D  ---------------

Current thread (0x0000019429fda0e0):  JavaThread "Thread-2" [_thread_in_vm, id=10252, stack(0x0000001a09100000,0x0000001a09200000)]

Stack: [0x0000001a09100000,0x0000001a09200000],  sp=0x0000001a091fef48,  free space=1019k
Native frames: (J=compiled Java code, j=interpreted, Vv=VM code, C=native code)
V  [jvm.dll+0x150d0]

Java frames: (J=compiled Java code, j=interpreted, Vv=VM code)
j  com.zkteco.biometric.ZKFPService.AcquireTemplate(J[B[B[I)I+0
j  com.zkteco.biometric.FingerprintSensorEx.AcquireFingerprint(J[B[B[I)I+5
j  GUI.application.form.other.FormFingerprint$WorkThread.run()V+49
v  ~StubRoutines::call_stub 0x000001940745100e

siginfo: EXCEPTION_ACCESS_VIOLATION (0xc0000005), reading address 0x0000000000000000


Registers:
RAX=0x0000000000000000, RBX=0x0000019429fda0e0, RCX=0x0000000000000000, RDX=0x0000000000000000
RSP=0x0000001a091fef48, RBP=0x0000001a091ff0b0, RSI=0x0000000000000000, RDI=0x0000000000000000
R8 =0x0000000000000000, R9 =0x00007ffc4412f9a0, R10=0x0000000000000000, R11=0x0000001a091fef40
R12=0x0000000000000000, R13=0x000001941e8024c8, R14=0x0000000000000000, R15=0x000001942f488310
RIP=0x00007ffc435e50d0, EFLAGS=0x0000000000010246


Register to memory mapping:

RIP=0x00007ffc435e50d0 jvm.dll
RAX=0x0 is NULL
RBX=0x0000019429fda0e0 is a thread
RCX=0x0 is NULL
RDX=0x0 is NULL
RSP=0x0000001a091fef48 is pointing into the stack for thread: 0x0000019429fda0e0
RBP=0x0000001a091ff0b0 is pointing into the stack for thread: 0x0000019429fda0e0
RSI=0x0 is NULL
RDI=0x0 is NULL
R8 =0x0 is NULL
R9 =0x00007ffc4412f9a0 jvm.dll
R10=0x0 is NULL
R11=0x0000001a091fef40 is pointing into the stack for thread: 0x0000019429fda0e0
R12=0x0 is NULL
R13={method} {0x000001941e8024d0} 'AcquireTemplate' '(J[B[B[I)I' in 'com/zkteco/biometric/ZKFPService'
R14=0x0 is NULL
R15=0x000001942f488310 points into unknown readable memory: 0x0000000012345678 | 78 56 34 12 00 00 00 00


Top of Stack: (sp=0x0000001a091fef48)
0x0000001a091fef48:   00007ffc43a11ca6 0000019429fda0e0
0x0000001a091fef58:   000000070f8158d8 000001941f91df00
0x0000001a091fef68:   bce4217d2849cb25 000001941fd59690
0x0000001a091fef78:   0000001a091ff0b0 0000019429fda3c0
0x0000001a091fef88:   00007ffc9a6a2f69 0000000000000000
0x0000001a091fef98:   0000000000000000 000001942f488310
0x0000001a091fefa8:   00007ffc439c0555 0000000000000002
0x0000001a091fefb8:   0000001a091ff001 0000000000000000
0x0000001a091fefc8:   0000001a091fef90 000001941fd59690
0x0000001a091fefd8:   00007ffc43a502b0 0000019429fda0e0
0x0000001a091fefe8:   00000000000001f4 0000019429fda0e0
0x0000001a091feff8:   0000001a091ff0f0 000001941e8024c8
0x0000001a091ff008:   0000000000000000 000001940746b796
0x0000001a091ff018:   000001940746f95d 0000019429fda3c0
0x0000001a091ff028:   000001941e8024c8 0000000000000000
0x0000001a091ff038:   0000000000000000 0000001a091ff0d8 

Instructions: (pc=0x00007ffc435e50d0)
0x00007ffc435e4fd0:   ec 12 b3 00 48 83 c4 20 5b 48 ff e0 48 8d 05 ed
0x00007ffc435e4fe0:   00 00 00 48 8b cb 48 89 05 d3 12 b3 00 48 83 c4
0x00007ffc435e4ff0:   20 5b 48 ff e0 48 8d 05 d4 00 00 00 48 8b cb 48
0x00007ffc435e5000:   89 05 ba 12 b3 00 48 83 c4 20 5b 48 ff e0 48 8b
0x00007ffc435e5010:   0d ab 09 bb 00 8b 51 10 83 ea 01 0f 84 91 00 00
0x00007ffc435e5020:   00 83 ea 01 74 73 83 ea 01 74 55 83 fa 01 74 37
0x00007ffc435e5030:   4c 8d 0d 49 75 8a 00 41 b8 e2 00 00 00 48 8d 15
0x00007ffc435e5040:   74 75 8a 00 b9 00 00 00 e0 e8 e2 d5 26 00 e8 7d
0x00007ffc435e5050:   8b 6d 00 33 c0 48 8b cb 48 89 05 61 12 b3 00 48
0x00007ffc435e5060:   83 c4 20 5b 48 ff e0 48 8d 05 72 00 00 00 48 8b
0x00007ffc435e5070:   cb 48 89 05 48 12 b3 00 48 83 c4 20 5b 48 ff e0
0x00007ffc435e5080:   48 8d 05 49 00 00 00 48 8b cb 48 89 05 2f 12 b3
0x00007ffc435e5090:   00 48 83 c4 20 5b 48 ff e0 48 8d 05 30 00 00 00
0x00007ffc435e50a0:   48 8b cb 48 89 05 16 12 b3 00 48 83 c4 20 5b 48
0x00007ffc435e50b0:   ff e0 48 8d 05 17 00 00 00 48 8b cb 48 89 05 fd
0x00007ffc435e50c0:   11 b3 00 48 83 c4 20 5b 48 ff e0 cc cc cc cc cc
0x00007ffc435e50d0:   48 8b 01 c3 cc cc cc cc cc cc cc cc cc cc cc cc
0x00007ffc435e50e0:   48 89 5c 24 08 57 48 83 ec 20 48 8b 39 48 8b d9
0x00007ffc435e50f0:   48 85 3d a1 5b c0 00 75 0e 48 8b c7 48 8b 5c 24
0x00007ffc435e5100:   30 48 83 c4 20 5f c3 48 8b cf e8 d1 2a 87 00 48
0x00007ffc435e5110:   8b d0 48 85 c0 74 20 48 8b c7 f0 48 0f b1 13 74
0x00007ffc435e5120:   16 48 85 05 70 5b c0 00 74 0d 48 8b c8 f0 48 0f
0x00007ffc435e5130:   b1 13 48 3b c1 75 ea 48 8b 5c 24 30 48 8b c2 48
0x00007ffc435e5140:   83 c4 20 5f c3 cc cc cc cc cc cc cc cc cc cc cc
0x00007ffc435e5150:   8b 44 24 30 45 03 c9 44 2b 4c 24 28 83 c0 0b 44
0x00007ffc435e5160:   03 ca 45 03 c8 41 03 c1 c3 cc cc cc cc cc cc cc
0x00007ffc435e5170:   48 8b 41 08 0f b7 48 2a 0f b7 40 28 83 c0 48 03
0x00007ffc435e5180:   c1 c3 cc cc cc cc cc cc cc cc cc cc cc cc cc cc
0x00007ffc435e5190:   48 89 5c 24 08 57 48 83 ec 20 0f b6 05 5f 64 c0
0x00007ffc435e51a0:   00 48 8b fa 48 8b d9 84 c0 74 4f 48 85 15 e6 5a
0x00007ffc435e51b0:   c0 00 74 38 48 8b ca e8 34 2d 87 00 48 8b d0 48
0x00007ffc435e51c0:   85 db 74 25 48 85 c0 74 20 48 8b c7 f0 48 0f b1 


Stack slot to memory mapping:
stack at sp + 0 slots: 0x00007ffc43a11ca6 jvm.dll
stack at sp + 1 slots: 0x0000019429fda0e0 is a thread
stack at sp + 2 slots: 0x000000070f8158d8 is an oop: [I 
{0x000000070f8158d8} - klass: {type array int}
 - length: 1
stack at sp + 3 slots: 0x000001941f91df00 points into unknown readable memory: 0x0000000000000000 | 00 00 00 00 00 00 00 00
stack at sp + 4 slots: 0xbce4217d2849cb25 is an unknown value
stack at sp + 5 slots: 0x000001941fd59690 points into unknown readable memory: 0x0000000000000800 | 00 08 00 00 00 00 00 00
stack at sp + 6 slots: 0x0000001a091ff0b0 is pointing into the stack for thread: 0x0000019429fda0e0
stack at sp + 7 slots: 0x0000019429fda3c0 points into unknown readable memory: 0x00007ffc4412f9a0 | a0 f9 12 44 fc 7f 00 00


---------------  P R O C E S S  ---------------

Threads class SMR info:
_java_thread_list=0x000001942e967c80, length=21, elements={
0x000001941b370520, 0x000001941b371260, 0x000001941b3765d0, 0x000001941b377260,
0x000001941b379ba0, 0x000001941b37a4d0, 0x000001941b37b130, 0x000001941b380360,
0x000001941b393fe0, 0x000001941f952bb0, 0x000001941f95d1d0, 0x000001941fcbd610,
0x00000194203f9140, 0x000001941ff80110, 0x00000194200ea1d0, 0x0000019477a20fd0,
0x00000194215ebbb0, 0x0000019421709f80, 0x0000019420f36150, 0x0000019420f32c30,
0x0000019429fda0e0
}

Java Threads: ( => current thread )
  0x000001941b370520 JavaThread "Reference Handler" daemon [_thread_blocked, id=25352, stack(0x0000001a09b00000,0x0000001a09c00000)]
  0x000001941b371260 JavaThread "Finalizer" daemon [_thread_blocked, id=18792, stack(0x0000001a09c00000,0x0000001a09d00000)]
  0x000001941b3765d0 JavaThread "Signal Dispatcher" daemon [_thread_blocked, id=12936, stack(0x0000001a09d00000,0x0000001a09e00000)]
  0x000001941b377260 JavaThread "Attach Listener" daemon [_thread_blocked, id=2664, stack(0x0000001a09e00000,0x0000001a09f00000)]
  0x000001941b379ba0 JavaThread "Service Thread" daemon [_thread_blocked, id=15104, stack(0x0000001a09f00000,0x0000001a0a000000)]
  0x000001941b37a4d0 JavaThread "Monitor Deflation Thread" daemon [_thread_blocked, id=7968, stack(0x0000001a0a000000,0x0000001a0a100000)]
  0x000001941b37b130 JavaThread "C2 CompilerThread0" daemon [_thread_blocked, id=26948, stack(0x0000001a0a100000,0x0000001a0a200000)]
  0x000001941b380360 JavaThread "C1 CompilerThread0" daemon [_thread_blocked, id=22972, stack(0x0000001a0a200000,0x0000001a0a300000)]
  0x000001941b393fe0 JavaThread "Sweeper thread" daemon [_thread_blocked, id=8424, stack(0x0000001a0a300000,0x0000001a0a400000)]
  0x000001941f952bb0 JavaThread "Notification Thread" daemon [_thread_blocked, id=15352, stack(0x0000001a0a600000,0x0000001a0a700000)]
  0x000001941f95d1d0 JavaThread "Common-Cleaner" daemon [_thread_blocked, id=1084, stack(0x0000001a0a800000,0x0000001a0a900000)]
  0x000001941fcbd610 JavaThread "Java2D Disposer" daemon [_thread_blocked, id=12324, stack(0x0000001a0aa00000,0x0000001a0ab00000)]
  0x00000194203f9140 JavaThread "AWT-Shutdown" [_thread_blocked, id=20252, stack(0x0000001a0ac00000,0x0000001a0ad00000)]
  0x000001941ff80110 JavaThread "AWT-Windows" daemon [_thread_in_native, id=4688, stack(0x0000001a0ad00000,0x0000001a0ae00000)]
  0x00000194200ea1d0 JavaThread "AWT-EventQueue-0" [_thread_blocked, id=4952, stack(0x0000001a0b400000,0x0000001a0b500000)]
  0x0000019477a20fd0 JavaThread "DestroyJavaVM" [_thread_blocked, id=12356, stack(0x0000001a09400000,0x0000001a09500000)]
  0x00000194215ebbb0 JavaThread "D3D Screen Updater" daemon [_thread_blocked, id=15016, stack(0x0000001a0cb00000,0x0000001a0cc00000)]
  0x0000019421709f80 JavaThread "TimerQueue" daemon [_thread_blocked, id=25744, stack(0x0000001a0cc00000,0x0000001a0cd00000)]
  0x0000019420f36150 JavaThread "mysql-cj-abandoned-connection-cleanup" daemon [_thread_blocked, id=19796, stack(0x0000001a0d400000,0x0000001a0d500000)]
  0x0000019420f32c30 JavaThread "Hibernate Connection Pool Validation Thread" daemon [_thread_blocked, id=9540, stack(0x0000001a0d600000,0x0000001a0d700000)]
=>0x0000019429fda0e0 JavaThread "Thread-2" [_thread_in_vm, id=10252, stack(0x0000001a09100000,0x0000001a09200000)]

Other Threads:
  0x000001941b356780 VMThread "VM Thread" [stack: 0x0000001a09a00000,0x0000001a09b00000] [id=7964]
  0x000001941f958140 WatcherThread "VM Periodic Task Thread" [stack: 0x0000001a0a700000,0x0000001a0a800000] [id=18064]
  0x0000019477a903f0 WorkerThread "GC Thread#0" [stack: 0x0000001a09500000,0x0000001a09600000] [id=11468]
  0x000001941fe61c70 WorkerThread "GC Thread#1" [stack: 0x0000001a0ae00000,0x0000001a0af00000] [id=25204]
  0x000001941fe632f0 WorkerThread "GC Thread#2" [stack: 0x0000001a0af00000,0x0000001a0b000000] [id=21312]
  0x000001941fe627b0 WorkerThread "GC Thread#3" [stack: 0x0000001a0b000000,0x0000001a0b100000] [id=19964]
  0x000001941fe619a0 WorkerThread "GC Thread#4" [stack: 0x0000001a0b100000,0x0000001a0b200000] [id=27572]
  0x000001941fe624e0 WorkerThread "GC Thread#5" [stack: 0x0000001a0b200000,0x0000001a0b300000] [id=27032]
  0x000001941fe61f40 WorkerThread "GC Thread#6" [stack: 0x0000001a0b300000,0x0000001a0b400000] [id=3136]
  0x000001942166b0e0 WorkerThread "GC Thread#7" [stack: 0x0000001a0a900000,0x0000001a0aa00000] [id=15260]
  0x0000019421668f20 WorkerThread "GC Thread#8" [stack: 0x0000001a0cd00000,0x0000001a0ce00000] [id=8408]
  0x000001942166b680 WorkerThread "GC Thread#9" [stack: 0x0000001a0ce00000,0x0000001a0cf00000] [id=14776]
  0x000001942166b950 WorkerThread "GC Thread#10" [stack: 0x0000001a0cf00000,0x0000001a0d000000] [id=16336]
  0x000001942166bc20 WorkerThread "GC Thread#11" [stack: 0x0000001a0d000000,0x0000001a0d100000] [id=10508]
  0x000001942166bef0 WorkerThread "GC Thread#12" [stack: 0x0000001a0d100000,0x0000001a0d200000] [id=15612]
  0x0000019477aa1930 ConcurrentGCThread "G1 Main Marker" [stack: 0x0000001a09600000,0x0000001a09700000] [id=27344]
  0x0000019477aa4320 WorkerThread "G1 Conc#0" [stack: 0x0000001a09700000,0x0000001a09800000] [id=376]
  0x000001942166c1c0 WorkerThread "G1 Conc#1" [stack: 0x0000001a0d200000,0x0000001a0d300000] [id=7724]
  0x000001942166c490 WorkerThread "G1 Conc#2" [stack: 0x0000001a0d300000,0x0000001a0d400000] [id=6400]
  0x000001941b2151d0 ConcurrentGCThread "G1 Refine#0" [stack: 0x0000001a09800000,0x0000001a09900000] [id=22432]
  0x000001941b2159c0 ConcurrentGCThread "G1 Service" [stack: 0x0000001a09900000,0x0000001a09a00000] [id=6432]

Threads with active compile tasks:

VM state: not at safepoint (normal execution)

VM Mutex/Monitor currently owned by a thread: None

Heap address: 0x0000000709400000, size: 3948 MB, Compressed Oops mode: Zero based, Oop shift amount: 3

CDS archive(s) mapped at: [0x0000000800000000-0x0000000800c40000-0x0000000800c40000), size 12845056, SharedBaseAddress: 0x0000000800000000, ArchiveRelocationMode: 0.
Compressed class space mapped at: 0x0000000801000000-0x0000000841000000, reserved size: 1073741824
Narrow klass base: 0x0000000800000000, Narrow klass shift: 0, Narrow klass range: 0x100000000

GC Precious Log:
 CardTable entry size: 512
 Card Set container configuration: InlinePtr #cards 4 size 8 Array Of Cards #cards 16 size 48 Howl #buckets 8 coarsen threshold 3686 Howl Bitmap #cards 512 size 80 coarsen threshold 460 Card regions per heap region 1 cards per card region 4096
 CPUs: 16 total, 16 available
 Memory: 15790M
 Large Page Support: Disabled
 NUMA Support: Disabled
 Compressed Oops: Enabled (Zero based)
 Heap Region Size: 2M
 Heap Min Capacity: 8M
 Heap Initial Capacity: 248M
 Heap Max Capacity: 3948M
 Pre-touch: Disabled
 Parallel Workers: 13
 Concurrent Workers: 3
 Concurrent Refinement Workers: 13
 Periodic GC: Disabled

Heap:
 garbage-first heap   total 151552K, used 57435K [0x0000000709400000, 0x0000000800000000)
  region size 2048K, 24 young (49152K), 1 survivors (2048K)
 Metaspace       used 56417K, committed 56896K, reserved 1114112K
  class space    used 7223K, committed 7424K, reserved 1048576K

Heap Regions: E=young(eden), S=young(survivor), O=old, HS=humongous(starts), HC=humongous(continues), CS=collection set, F=free, OA=open archive, CA=closed archive, TAMS=top-at-mark-start (previous, next)
|   0|0x0000000709400000, 0x0000000709600000, 0x0000000709600000|100%| O|  |TAMS 0x0000000709600000, 0x0000000709400000| Untracked 
|   1|0x0000000709600000, 0x00000007096d2200, 0x0000000709800000| 41%| O|  |TAMS 0x0000000709600000, 0x0000000709600000| Untracked 
|   2|0x0000000709800000, 0x0000000709800000, 0x0000000709a00000|  0%| F|  |TAMS 0x0000000709800000, 0x0000000709800000| Untracked 
|   3|0x0000000709a00000, 0x0000000709c00000, 0x0000000709c00000|100%| O|  |TAMS 0x0000000709c00000, 0x0000000709a00000| Untracked 
|   4|0x0000000709c00000, 0x0000000709e00000, 0x0000000709e00000|100%| O|  |TAMS 0x0000000709e00000, 0x0000000709c00000| Untracked 
|   5|0x0000000709e00000, 0x000000070a000000, 0x000000070a000000|100%| O|  |TAMS 0x000000070a000000, 0x0000000709e00000| Untracked 
|   6|0x000000070a000000, 0x000000070a200000, 0x000000070a200000|100%| O|  |TAMS 0x000000070a200000, 0x000000070a000000| Untracked 
|   7|0x000000070a200000, 0x000000070a400000, 0x000000070a400000|100%| O|  |TAMS 0x000000070a297c00, 0x000000070a200000| Untracked 
|   8|0x000000070a400000, 0x000000070a400000, 0x000000070a600000|  0%| F|  |TAMS 0x000000070a400000, 0x000000070a400000| Untracked 
|   9|0x000000070a600000, 0x000000070a600000, 0x000000070a800000|  0%| F|  |TAMS 0x000000070a600000, 0x000000070a600000| Untracked 
|  10|0x000000070a800000, 0x000000070a800000, 0x000000070aa00000|  0%| F|  |TAMS 0x000000070a800000, 0x000000070a800000| Untracked 
|  11|0x000000070aa00000, 0x000000070aa00000, 0x000000070ac00000|  0%| F|  |TAMS 0x000000070aa00000, 0x000000070aa00000| Untracked 
|  12|0x000000070ac00000, 0x000000070ac00000, 0x000000070ae00000|  0%| F|  |TAMS 0x000000070ac00000, 0x000000070ac00000| Untracked 
|  13|0x000000070ae00000, 0x000000070ae00000, 0x000000070b000000|  0%| F|  |TAMS 0x000000070ae00000, 0x000000070ae00000| Untracked 
|  14|0x000000070b000000, 0x000000070b000000, 0x000000070b200000|  0%| F|  |TAMS 0x000000070b000000, 0x000000070b000000| Untracked 
|  15|0x000000070b200000, 0x000000070b200000, 0x000000070b400000|  0%| F|  |TAMS 0x000000070b200000, 0x000000070b200000| Untracked 
|  16|0x000000070b400000, 0x000000070b400000, 0x000000070b600000|  0%| F|  |TAMS 0x000000070b400000, 0x000000070b400000| Untracked 
|  17|0x000000070b600000, 0x000000070b600000, 0x000000070b800000|  0%| F|  |TAMS 0x000000070b600000, 0x000000070b600000| Untracked 
|  18|0x000000070b800000, 0x000000070b800000, 0x000000070ba00000|  0%| F|  |TAMS 0x000000070b800000, 0x000000070b800000| Untracked 
|  19|0x000000070ba00000, 0x000000070ba00000, 0x000000070bc00000|  0%| F|  |TAMS 0x000000070ba00000, 0x000000070ba00000| Untracked 
|  20|0x000000070bc00000, 0x000000070bc00000, 0x000000070be00000|  0%| F|  |TAMS 0x000000070bc00000, 0x000000070bc00000| Untracked 
|  21|0x000000070be00000, 0x000000070be00000, 0x000000070c000000|  0%| F|  |TAMS 0x000000070be00000, 0x000000070be00000| Untracked 
|  22|0x000000070c000000, 0x000000070c000000, 0x000000070c200000|  0%| F|  |TAMS 0x000000070c000000, 0x000000070c000000| Untracked 
|  23|0x000000070c200000, 0x000000070c200000, 0x000000070c400000|  0%| F|  |TAMS 0x000000070c200000, 0x000000070c200000| Untracked 
|  24|0x000000070c400000, 0x000000070c400000, 0x000000070c600000|  0%| F|  |TAMS 0x000000070c400000, 0x000000070c400000| Untracked 
|  25|0x000000070c600000, 0x000000070c600000, 0x000000070c800000|  0%| F|  |TAMS 0x000000070c600000, 0x000000070c600000| Untracked 
|  26|0x000000070c800000, 0x000000070c800000, 0x000000070ca00000|  0%| F|  |TAMS 0x000000070c800000, 0x000000070c800000| Untracked 
|  27|0x000000070ca00000, 0x000000070ca00000, 0x000000070cc00000|  0%| F|  |TAMS 0x000000070ca00000, 0x000000070ca00000| Untracked 
|  28|0x000000070cc00000, 0x000000070cc00000, 0x000000070ce00000|  0%| F|  |TAMS 0x000000070cc00000, 0x000000070cc00000| Untracked 
|  29|0x000000070ce00000, 0x000000070ce00000, 0x000000070d000000|  0%| F|  |TAMS 0x000000070ce00000, 0x000000070ce00000| Untracked 
|  30|0x000000070d000000, 0x000000070d000000, 0x000000070d200000|  0%| F|  |TAMS 0x000000070d000000, 0x000000070d000000| Untracked 
|  31|0x000000070d200000, 0x000000070d200000, 0x000000070d400000|  0%| F|  |TAMS 0x000000070d200000, 0x000000070d200000| Untracked 
|  32|0x000000070d400000, 0x000000070d400000, 0x000000070d600000|  0%| F|  |TAMS 0x000000070d400000, 0x000000070d400000| Untracked 
|  33|0x000000070d600000, 0x000000070d600000, 0x000000070d800000|  0%| F|  |TAMS 0x000000070d600000, 0x000000070d600000| Untracked 
|  34|0x000000070d800000, 0x000000070d800000, 0x000000070da00000|  0%| F|  |TAMS 0x000000070d800000, 0x000000070d800000| Untracked 
|  35|0x000000070da00000, 0x000000070da00000, 0x000000070dc00000|  0%| F|  |TAMS 0x000000070da00000, 0x000000070da00000| Untracked 
|  36|0x000000070dc00000, 0x000000070dc00000, 0x000000070de00000|  0%| F|  |TAMS 0x000000070dc00000, 0x000000070dc00000| Untracked 
|  37|0x000000070de00000, 0x000000070de00000, 0x000000070e000000|  0%| F|  |TAMS 0x000000070de00000, 0x000000070de00000| Untracked 
|  38|0x000000070e000000, 0x000000070e000000, 0x000000070e200000|  0%| F|  |TAMS 0x000000070e000000, 0x000000070e000000| Untracked 
|  39|0x000000070e200000, 0x000000070e200000, 0x000000070e400000|  0%| F|  |TAMS 0x000000070e200000, 0x000000070e200000| Untracked 
|  40|0x000000070e400000, 0x000000070e400000, 0x000000070e600000|  0%| F|  |TAMS 0x000000070e400000, 0x000000070e400000| Untracked 
|  41|0x000000070e600000, 0x000000070e600000, 0x000000070e800000|  0%| F|  |TAMS 0x000000070e600000, 0x000000070e600000| Untracked 
|  42|0x000000070e800000, 0x000000070e800000, 0x000000070ea00000|  0%| F|  |TAMS 0x000000070e800000, 0x000000070e800000| Untracked 
|  43|0x000000070ea00000, 0x000000070ea00000, 0x000000070ec00000|  0%| F|  |TAMS 0x000000070ea00000, 0x000000070ea00000| Untracked 
|  44|0x000000070ec00000, 0x000000070ec00000, 0x000000070ee00000|  0%| F|  |TAMS 0x000000070ec00000, 0x000000070ec00000| Untracked 
|  45|0x000000070ee00000, 0x000000070ee00000, 0x000000070f000000|  0%| F|  |TAMS 0x000000070ee00000, 0x000000070ee00000| Untracked 
|  46|0x000000070f000000, 0x000000070f000000, 0x000000070f200000|  0%| F|  |TAMS 0x000000070f000000, 0x000000070f000000| Untracked 
|  47|0x000000070f200000, 0x000000070f200000, 0x000000070f400000|  0%| F|  |TAMS 0x000000070f200000, 0x000000070f200000| Untracked 
|  48|0x000000070f400000, 0x000000070f400000, 0x000000070f600000|  0%| F|  |TAMS 0x000000070f400000, 0x000000070f400000| Untracked 
|  49|0x000000070f600000, 0x000000070f600000, 0x000000070f800000|  0%| F|  |TAMS 0x000000070f600000, 0x000000070f600000| Untracked 
|  50|0x000000070f800000, 0x000000070f8293a8, 0x000000070fa00000|  8%| E|  |TAMS 0x000000070f800000, 0x000000070f800000| Complete 
|  51|0x000000070fa00000, 0x000000070fc00000, 0x000000070fc00000|100%| E|CS|TAMS 0x000000070fa00000, 0x000000070fa00000| Complete 
|  52|0x000000070fc00000, 0x000000070fe00000, 0x000000070fe00000|100%| E|CS|TAMS 0x000000070fc00000, 0x000000070fc00000| Complete 
|  53|0x000000070fe00000, 0x0000000710000000, 0x0000000710000000|100%| E|CS|TAMS 0x000000070fe00000, 0x000000070fe00000| Complete 
|  54|0x0000000710000000, 0x0000000710200000, 0x0000000710200000|100%| E|CS|TAMS 0x0000000710000000, 0x0000000710000000| Complete 
|  55|0x0000000710200000, 0x0000000710400000, 0x0000000710400000|100%| E|CS|TAMS 0x0000000710200000, 0x0000000710200000| Complete 
|  56|0x0000000710400000, 0x0000000710600000, 0x0000000710600000|100%| E|CS|TAMS 0x0000000710400000, 0x0000000710400000| Complete 
|  57|0x0000000710600000, 0x0000000710800000, 0x0000000710800000|100%| E|CS|TAMS 0x0000000710600000, 0x0000000710600000| Complete 
|  58|0x0000000710800000, 0x0000000710a00000, 0x0000000710a00000|100%| E|CS|TAMS 0x0000000710800000, 0x0000000710800000| Complete 
|  59|0x0000000710a00000, 0x0000000710c00000, 0x0000000710c00000|100%| E|  |TAMS 0x0000000710a00000, 0x0000000710a00000| Complete 
|  60|0x0000000710c00000, 0x0000000710e00000, 0x0000000710e00000|100%| E|CS|TAMS 0x0000000710c00000, 0x0000000710c00000| Complete 
|  61|0x0000000710e00000, 0x0000000711000000, 0x0000000711000000|100%| E|CS|TAMS 0x0000000710e00000, 0x0000000710e00000| Complete 
|  62|0x0000000711000000, 0x0000000711200000, 0x0000000711200000|100%| E|CS|TAMS 0x0000000711000000, 0x0000000711000000| Complete 
|  63|0x0000000711200000, 0x0000000711400000, 0x0000000711400000|100%| E|CS|TAMS 0x0000000711200000, 0x0000000711200000| Complete 
|  64|0x0000000711400000, 0x0000000711600000, 0x0000000711600000|100%| E|CS|TAMS 0x0000000711400000, 0x0000000711400000| Complete 
|  65|0x0000000711600000, 0x0000000711800000, 0x0000000711800000|100%| E|CS|TAMS 0x0000000711600000, 0x0000000711600000| Complete 
|  66|0x0000000711800000, 0x0000000711a00000, 0x0000000711a00000|100%| E|CS|TAMS 0x0000000711800000, 0x0000000711800000| Complete 
|  67|0x0000000711a00000, 0x0000000711c00000, 0x0000000711c00000|100%| E|CS|TAMS 0x0000000711a00000, 0x0000000711a00000| Complete 
|  68|0x0000000711c00000, 0x0000000711e00000, 0x0000000711e00000|100%| E|CS|TAMS 0x0000000711c00000, 0x0000000711c00000| Complete 
|  69|0x0000000711e00000, 0x0000000712000000, 0x0000000712000000|100%| E|CS|TAMS 0x0000000711e00000, 0x0000000711e00000| Complete 
| 118|0x0000000718000000, 0x0000000718200000, 0x0000000718200000|100%| E|CS|TAMS 0x0000000718000000, 0x0000000718000000| Complete 
| 119|0x0000000718200000, 0x0000000718344da0, 0x0000000718400000| 63%| S|CS|TAMS 0x0000000718200000, 0x0000000718200000| Complete 
| 120|0x0000000718400000, 0x0000000718600000, 0x0000000718600000|100%| E|CS|TAMS 0x0000000718400000, 0x0000000718400000| Complete 
| 123|0x0000000718a00000, 0x0000000718c00000, 0x0000000718c00000|100%| E|CS|TAMS 0x0000000718a00000, 0x0000000718a00000| Complete 

Card table byte_map: [0x000001940f9f0000,0x00000194101b0000] _byte_map_base: 0x000001940c1a6000

Marking Bits (Prev, Next): (CMBitMap*) 0x0000019477a91940, (CMBitMap*) 0x0000019477a91980
 Prev Bits: [0x0000019410970000, 0x0000019414720000)
 Next Bits: [0x0000019414720000, 0x00000194184d0000)

Polling page: 0x0000019475940000

Metaspace:

Usage:
  Non-class:     48.04 MB used.
      Class:      7.05 MB used.
       Both:     55.10 MB used.

Virtual space:
  Non-class space:       64.00 MB reserved,      48.31 MB ( 75%) committed,  1 nodes.
      Class space:        1.00 GB reserved,       7.25 MB ( <1%) committed,  1 nodes.
             Both:        1.06 GB reserved,      55.56 MB (  5%) committed. 

Chunk freelists:
   Non-Class:  3.61 MB
       Class:  813.00 KB
        Both:  4.40 MB

MaxMetaspaceSize: unlimited
CompressedClassSpaceSize: 1.00 GB
Initial GC threshold: 21.00 MB
Current GC threshold: 59.69 MB
CDS: on
MetaspaceReclaimPolicy: balanced
 - commit_granule_bytes: 65536.
 - commit_granule_words: 8192.
 - virtual_space_node_default_size: 8388608.
 - enlarge_chunks_in_place: 1.
 - new_chunks_are_fully_committed: 0.
 - uncommit_free_chunks: 1.
 - use_allocation_guard: 0.


Internal statistics:

num_allocs_failed_limit: 6.
num_arena_births: 494.
num_arena_deaths: 0.
num_vsnodes_births: 2.
num_vsnodes_deaths: 0.
num_space_committed: 889.
num_space_uncommitted: 0.
num_chunks_returned_to_freelist: 6.
num_chunks_taken_from_freelist: 1876.
num_chunk_merges: 3.
num_chunk_splits: 1368.
num_chunks_enlarged: 1122.
num_inconsistent_stats: 0.

CodeHeap 'non-profiled nmethods': size=119168Kb used=2952Kb max_used=2952Kb free=116215Kb
 bounds [0x0000019407ba0000, 0x0000019407e90000, 0x000001940f000000]
CodeHeap 'profiled nmethods': size=119104Kb used=11204Kb max_used=11204Kb free=107899Kb
 bounds [0x0000019400000000, 0x0000019400b00000, 0x0000019407450000]
CodeHeap 'non-nmethods': size=7488Kb used=1638Kb max_used=3348Kb free=5850Kb
 bounds [0x0000019407450000, 0x00000194077a0000, 0x0000019407ba0000]
 total_blobs=6216 nmethods=5272 adapters=851
 compilation: enabled
              stopped_count=0, restarted_count=0
 full_count=0

Compilation events (20 events):
Event: 85.461 Thread 0x000001941b380360 nmethod 5259 0x0000019407e80c90 code [0x0000019407e80e20, 0x0000019407e80ef8]
Event: 85.461 Thread 0x000001941b380360 5260       1       org.hibernate.metamodel.mapping.internal.BasicAttributeMapping::getJdbcMapping (5 bytes)
Event: 85.461 Thread 0x000001941b380360 nmethod 5260 0x0000019407e80f90 code [0x0000019407e81120, 0x0000019407e811f8]
Event: 85.461 Thread 0x000001941b380360 5266       3       com.sun.crypto.provider.CounterMode::implCrypt (88 bytes)
Event: 85.462 Thread 0x000001941b37b130 nmethod 5264 0x0000019407e81290 code [0x0000019407e81420, 0x0000019407e81578]
Event: 85.462 Thread 0x000001941b37b130 5265  s    4       java.io.ByteArrayOutputStream::write (32 bytes)
Event: 85.462 Thread 0x000001941b380360 nmethod 5266 0x0000019400aea690 code [0x0000019400aea860, 0x0000019400aeac78]
Event: 85.462 Thread 0x000001941b380360 5267       3       com.mysql.cj.protocol.a.NativePacketHeader::<init> (13 bytes)
Event: 85.462 Thread 0x000001941b380360 nmethod 5267 0x0000019400aeae90 code [0x0000019400aeb040, 0x0000019400aeb248]
Event: 85.462 Thread 0x000001941b380360 5268       3       com.mysql.cj.protocol.a.SimplePacketReader::readMessage (10 bytes)
Event: 85.463 Thread 0x000001941b380360 nmethod 5268 0x0000019400aeb310 code [0x0000019400aeb4e0, 0x0000019400aeb828]
Event: 85.463 Thread 0x000001941b380360 5269       3       com.mysql.cj.protocol.a.SimplePacketReader::readMessage (26 bytes)
Event: 85.463 Thread 0x000001941b380360 nmethod 5269 0x0000019400aeb910 code [0x0000019400aebac0, 0x0000019400aebc88]
Event: 85.463 Thread 0x000001941b380360 5270   !   3       com.mysql.cj.protocol.a.SimplePacketReader::readMessageLocal (145 bytes)
Event: 85.463 Thread 0x000001941b37b130 nmethod 5265 0x0000019407e81710 code [0x0000019407e818a0, 0x0000019407e81cc8]
Event: 85.464 Thread 0x000001941b380360 nmethod 5270 0x0000019400aebd90 code [0x0000019400aec100, 0x0000019400aedac8]
Event: 85.466 Thread 0x000001941b380360 5271       1       javax.swing.text.AbstractDocument$BranchElement::getElementCount (5 bytes)
Event: 85.466 Thread 0x000001941b380360 nmethod 5271 0x0000019407e81e90 code [0x0000019407e82020, 0x0000019407e820d8]
Event: 85.467 Thread 0x000001941b380360 5272       3       javax.swing.RepaintManager::collectDirtyComponents (344 bytes)
Event: 85.468 Thread 0x000001941b380360 nmethod 5272 0x0000019400aee810 code [0x0000019400aeeb60, 0x0000019400af0888]

GC Heap History (16 events):
Event: 0.528 GC heap before
{Heap before GC invocations=0 (full 0):
 garbage-first heap   total 253952K, used 22528K [0x0000000709400000, 0x0000000800000000)
  region size 2048K, 11 young (22528K), 0 survivors (0K)
 Metaspace       used 5793K, committed 6080K, reserved 1114112K
  class space    used 554K, committed 704K, reserved 1048576K
}
Event: 0.533 GC heap after
{Heap after GC invocations=1 (full 0):
 garbage-first heap   total 253952K, used 5505K [0x0000000709400000, 0x0000000800000000)
  region size 2048K, 2 young (4096K), 2 survivors (4096K)
 Metaspace       used 5793K, committed 6080K, reserved 1114112K
  class space    used 554K, committed 704K, reserved 1048576K
}
Event: 4.970 GC heap before
{Heap before GC invocations=1 (full 0):
 garbage-first heap   total 253952K, used 34177K [0x0000000709400000, 0x0000000800000000)
  region size 2048K, 16 young (32768K), 2 survivors (4096K)
 Metaspace       used 19885K, committed 20224K, reserved 1114112K
  class space    used 2259K, committed 2368K, reserved 1048576K
}
Event: 4.976 GC heap after
{Heap after GC invocations=2 (full 0):
 garbage-first heap   total 253952K, used 10116K [0x0000000709400000, 0x0000000800000000)
  region size 2048K, 2 young (4096K), 2 survivors (4096K)
 Metaspace       used 19885K, committed 20224K, reserved 1114112K
  class space    used 2259K, committed 2368K, reserved 1048576K
}
Event: 5.064 GC heap before
{Heap before GC invocations=2 (full 0):
 garbage-first heap   total 253952K, used 14212K [0x0000000709400000, 0x0000000800000000)
  region size 2048K, 5 young (10240K), 2 survivors (4096K)
 Metaspace       used 21262K, committed 21504K, reserved 1114112K
  class space    used 2452K, committed 2560K, reserved 1048576K
}
Event: 5.066 GC heap after
{Heap after GC invocations=3 (full 0):
 garbage-first heap   total 253952K, used 10730K [0x0000000709400000, 0x0000000800000000)
  region size 2048K, 3 young (6144K), 3 survivors (6144K)
 Metaspace       used 21262K, committed 21504K, reserved 1114112K
  class space    used 2452K, committed 2560K, reserved 1048576K
}
Event: 5.600 GC heap before
{Heap before GC invocations=4 (full 0):
 garbage-first heap   total 49152K, used 33258K [0x0000000709400000, 0x0000000800000000)
  region size 2048K, 14 young (28672K), 3 survivors (6144K)
 Metaspace       used 32430K, committed 32768K, reserved 1114112K
  class space    used 3773K, committed 3904K, reserved 1048576K
}
Event: 5.606 GC heap after
{Heap after GC invocations=5 (full 0):
 garbage-first heap   total 49152K, used 13527K [0x0000000709400000, 0x0000000800000000)
  region size 2048K, 2 young (4096K), 2 survivors (4096K)
 Metaspace       used 32430K, committed 32768K, reserved 1114112K
  class space    used 3773K, committed 3904K, reserved 1048576K
}
Event: 5.655 GC heap before
{Heap before GC invocations=5 (full 0):
 garbage-first heap   total 49152K, used 15575K [0x0000000709400000, 0x0000000800000000)
  region size 2048K, 3 young (6144K), 2 survivors (4096K)
 Metaspace       used 33066K, committed 33408K, reserved 1114112K
  class space    used 3861K, committed 4032K, reserved 1048576K
}
Event: 5.658 GC heap after
{Heap after GC invocations=6 (full 0):
 garbage-first heap   total 49152K, used 13398K [0x0000000709400000, 0x0000000800000000)
  region size 2048K, 1 young (2048K), 1 survivors (2048K)
 Metaspace       used 33066K, committed 33408K, reserved 1114112K
  class space    used 3861K, committed 4032K, reserved 1048576K
}
Event: 5.896 GC heap before
{Heap before GC invocations=6 (full 0):
 garbage-first heap   total 49152K, used 23638K [0x0000000709400000, 0x0000000800000000)
  region size 2048K, 7 young (14336K), 1 survivors (2048K)
 Metaspace       used 36181K, committed 36416K, reserved 1114112K
  class space    used 4302K, committed 4416K, reserved 1048576K
}
Event: 5.897 GC heap after
{Heap after GC invocations=7 (full 0):
 garbage-first heap   total 49152K, used 13588K [0x0000000709400000, 0x0000000800000000)
  region size 2048K, 1 young (2048K), 1 survivors (2048K)
 Metaspace       used 36181K, committed 36416K, reserved 1114112K
  class space    used 4302K, committed 4416K, reserved 1048576K
}
Event: 6.296 GC heap before
{Heap before GC invocations=8 (full 0):
 garbage-first heap   total 49152K, used 32020K [0x0000000709400000, 0x0000000800000000)
  region size 2048K, 10 young (20480K), 1 survivors (2048K)
 Metaspace       used 42360K, committed 42688K, reserved 1114112K
  class space    used 5229K, committed 5376K, reserved 1048576K
}
Event: 6.298 GC heap after
{Heap after GC invocations=9 (full 0):
 garbage-first heap   total 151552K, used 14433K [0x0000000709400000, 0x0000000800000000)
  region size 2048K, 1 young (2048K), 1 survivors (2048K)
 Metaspace       used 42360K, committed 42688K, reserved 1114112K
  class space    used 5229K, committed 5376K, reserved 1048576K
}
Event: 6.388 GC heap before
{Heap before GC invocations=9 (full 0):
 garbage-first heap   total 151552K, used 18529K [0x0000000709400000, 0x0000000800000000)
  region size 2048K, 3 young (6144K), 1 survivors (2048K)
 Metaspace       used 44003K, committed 44416K, reserved 1114112K
  class space    used 5441K, committed 5632K, reserved 1048576K
}
Event: 6.391 GC heap after
{Heap after GC invocations=10 (full 0):
 garbage-first heap   total 151552K, used 14427K [0x0000000709400000, 0x0000000800000000)
  region size 2048K, 1 young (2048K), 1 survivors (2048K)
 Metaspace       used 44003K, committed 44416K, reserved 1114112K
  class space    used 5441K, committed 5632K, reserved 1048576K
}

Dll operation events (14 events):
Event: 0.006 Loaded shared library C:\Program Files\Java\jdk-19\bin\java.dll
Event: 0.013 Loaded shared library C:\Program Files\Java\jdk-19\bin\jsvml.dll
Event: 0.062 Loaded shared library C:\Program Files\Java\jdk-19\bin\jimage.dll
Event: 0.067 Loaded shared library C:\Program Files\Java\jdk-19\bin\net.dll
Event: 0.068 Loaded shared library C:\Program Files\Java\jdk-19\bin\nio.dll
Event: 0.074 Loaded shared library C:\Program Files\Java\jdk-19\bin\zip.dll
Event: 0.108 Loaded shared library C:\Program Files\Java\jdk-19\bin\awt.dll
Event: 0.191 Loaded shared library C:\Program Files\Java\jdk-19\bin\freetype.dll
Event: 0.191 Loaded shared library C:\Program Files\Java\jdk-19\bin\fontmanager.dll
Event: 0.894 Loaded shared library C:\Users\patri\AppData\Local\Temp\flatlaf.temp\flatlaf-windows-x86_64-279734106028000.dll
Event: 4.785 Loaded shared library C:\Program Files\Java\jdk-19\bin\verify.dll
Event: 5.358 Loaded shared library C:\Program Files\Java\jdk-19\bin\extnet.dll
Event: 5.488 Loaded shared library C:\Program Files\Java\jdk-19\bin\sunmscapi.dll
Event: 9.786 Loaded shared library C:\Windows\System32\libzkfp.dll

Deoptimization events (20 events):
Event: 52.022 Thread 0x00000194200ea1d0 Uncommon trap: trap_request=0xffffffde fr.pc=0x0000019407e0d230 relative=0x0000000000004d30
Event: 52.022 Thread 0x00000194200ea1d0 Uncommon trap: reason=class_check action=maybe_recompile pc=0x0000019407e0d230 method=sun.awt.GlobalCursorManager._updateCursor(Z)V @ 47 c2
Event: 52.022 Thread 0x00000194200ea1d0 DEOPT PACKING pc=0x0000019407e0d230 sp=0x0000001a0b4ff0a0
Event: 52.022 Thread 0x00000194200ea1d0 DEOPT UNPACKING pc=0x00000194074b6da3 sp=0x0000001a0b4fec98 mode 2
Event: 52.023 Thread 0x00000194200ea1d0 Uncommon trap: trap_request=0xffffffde fr.pc=0x0000019407e0d230 relative=0x0000000000004d30
Event: 52.023 Thread 0x00000194200ea1d0 Uncommon trap: reason=class_check action=maybe_recompile pc=0x0000019407e0d230 method=sun.awt.GlobalCursorManager._updateCursor(Z)V @ 47 c2
Event: 52.023 Thread 0x00000194200ea1d0 DEOPT PACKING pc=0x0000019407e0d230 sp=0x0000001a0b4ff0a0
Event: 52.023 Thread 0x00000194200ea1d0 DEOPT UNPACKING pc=0x00000194074b6da3 sp=0x0000001a0b4fec98 mode 2
Event: 52.035 Thread 0x00000194200ea1d0 Uncommon trap: trap_request=0xffffffde fr.pc=0x0000019407e15050 relative=0x0000000000002770
Event: 52.035 Thread 0x00000194200ea1d0 Uncommon trap: reason=class_check action=maybe_recompile pc=0x0000019407e15050 method=sun.awt.GlobalCursorManager._updateCursor(Z)V @ 47 c2
Event: 52.035 Thread 0x00000194200ea1d0 DEOPT PACKING pc=0x0000019407e15050 sp=0x0000001a0b4fef70
Event: 52.035 Thread 0x00000194200ea1d0 DEOPT UNPACKING pc=0x00000194074b6da3 sp=0x0000001a0b4fed58 mode 2
Event: 52.728 Thread 0x00000194200ea1d0 DEOPT PACKING pc=0x0000019400642add sp=0x0000001a0b4fd930
Event: 52.728 Thread 0x00000194200ea1d0 DEOPT UNPACKING pc=0x00000194074b7543 sp=0x0000001a0b4fcd70 mode 0
Event: 59.193 Thread 0x00000194200ea1d0 DEOPT PACKING pc=0x0000019400a3ada4 sp=0x0000001a0b4fd6e0
Event: 59.193 Thread 0x00000194200ea1d0 DEOPT UNPACKING pc=0x00000194074b7543 sp=0x0000001a0b4fcaa8 mode 0
Event: 85.459 Thread 0x00000194200ea1d0 Uncommon trap: trap_request=0xffffffde fr.pc=0x0000019407d6e8e8 relative=0x00000000000000c8
Event: 85.459 Thread 0x00000194200ea1d0 Uncommon trap: reason=class_check action=maybe_recompile pc=0x0000019407d6e8e8 method=java.util.Collections$UnmodifiableCollection.contains(Ljava/lang/Object;)Z @ 5 c2
Event: 85.459 Thread 0x00000194200ea1d0 DEOPT PACKING pc=0x0000019407d6e8e8 sp=0x0000001a0b4fe310
Event: 85.459 Thread 0x00000194200ea1d0 DEOPT UNPACKING pc=0x00000194074b6da3 sp=0x0000001a0b4fe2b8 mode 2

Classes loaded (20 events):
Event: 51.727 Loading class javax/swing/JWindow done
Event: 51.727 Loading class javax/swing/Popup$HeavyWeightWindow done
Event: 51.736 Loading class com/sun/java/swing/plaf/windows/WindowsPopupWindow
Event: 51.736 Loading class com/sun/java/swing/plaf/windows/WindowsPopupWindow done
Event: 51.741 Loading class sun/awt/UngrabEvent
Event: 51.741 Loading class sun/awt/UngrabEvent done
Event: 52.117 Loading class javax/accessibility/AccessibleStateSet
Event: 52.117 Loading class javax/accessibility/AccessibleStateSet done
Event: 52.117 Loading class javax/swing/JViewport$AccessibleJViewport
Event: 52.117 Loading class javax/swing/JViewport$AccessibleJViewport done
Event: 52.710 Loading class javax/swing/event/ListDataEvent
Event: 52.710 Loading class javax/swing/event/ListDataEvent done
Event: 52.713 Loading class javax/swing/Popup$DefaultFrame
Event: 52.713 Loading class javax/swing/Popup$DefaultFrame done
Event: 52.714 Loading class javax/swing/PopupFactory$HeavyWeightPopup$1
Event: 52.714 Loading class java/awt/event/WindowAdapter
Event: 52.714 Loading class java/awt/event/WindowAdapter done
Event: 52.714 Loading class javax/swing/PopupFactory$HeavyWeightPopup$1 done
Event: 52.714 Loading class javax/swing/plaf/basic/BasicPopupMenuUI$MouseGrabber$2
Event: 52.714 Loading class javax/swing/plaf/basic/BasicPopupMenuUI$MouseGrabber$2 done

Classes unloaded (0 events):
No events

Classes redefined (0 events):
No events

Internal exceptions (20 events):
Event: 6.632 Thread 0x00000194200ea1d0 Exception <a 'java/lang/NoSuchMethodError'{0x0000000711a4cfb0}: 'java.lang.Object java.lang.invoke.DirectMethodHandle$Holder.newInvokeSpecial(java.lang.Object, java.lang.Object, java.lang.Object, java.lang.Object, java.lang.Object, java.lang.Object, java.lang.Object)'> (0x0000000711a4cfb0) 
thrown [s\open\src\hotspot\share\interpreter\linkResolver.cpp, line 774]
Event: 6.670 Thread 0x00000194200ea1d0 Exception <a 'java/lang/NoSuchMethodError'{0x0000000711823838}: 'java.lang.Object java.lang.invoke.DirectMethodHandle$Holder.newInvokeSpecial(java.lang.Object, java.lang.Object, java.lang.Object, java.lang.Object, java.lang.Object, java.lang.Object, java.lang.Object, java.lang.Object, java.lang.Object, java.lang.Object, java.lang.Object, java.lang.Object)'> (0x0000000711823838) 
thrown [s\open\src\hotspot\share\interpreter\linkResolver.cpp, line 774]
Event: 6.670 Thread 0x00000194200ea1d0 Exception <a 'java/lang/NoSuchMethodError'{0x000000071182d338}: 'java.lang.Object java.lang.invoke.Invokers$Holder.linkToTargetMethod(java.lang.Object, java.lang.Object, java.lang.Object, java.lang.Object, java.lang.Object, java.lang.Object, java.lang.Object, java.lang.Object, java.lang.Object, java.lang.Object, java.lang.Object, java.lang.Object)'> (0x000000071182d338) 
thrown [s\open\src\hotspot\share\interpreter\linkResolver.cpp, line 774]
Event: 6.709 Thread 0x00000194200ea1d0 Exception <a 'java/lang/NoSuchMethodError'{0x00000007119c36c8}: 'java.lang.Object java.lang.invoke.DirectMethodHandle$Holder.newInvokeSpecial(java.lang.Object, java.lang.Object, java.lang.Object, java.lang.Object, java.lang.Object, java.lang.Object)'> (0x00000007119c36c8) 
thrown [s\open\src\hotspot\share\interpreter\linkResolver.cpp, line 774]
Event: 6.719 Thread 0x00000194200ea1d0 Exception <a 'java/lang/NoSuchMethodError'{0x000000071162c5c0}: 'java.lang.Object java.lang.invoke.DirectMethodHandle$Holder.newInvokeSpecial(java.lang.Object, java.lang.Object, java.lang.Object, java.lang.Object, java.lang.Object, java.lang.Object, java.lang.Object, int)'> (0x000000071162c5c0) 
thrown [s\open\src\hotspot\share\interpreter\linkResolver.cpp, line 774]
Event: 6.719 Thread 0x00000194200ea1d0 Exception <a 'java/lang/NoSuchMethodError'{0x0000000711631bd8}: 'java.lang.Object java.lang.invoke.DirectMethodHandle$Holder.invokeSpecial(java.lang.Object, java.lang.Object, java.lang.Object, java.lang.Object, java.lang.Object, java.lang.Object, java.lang.Object, java.lang.Object, int)'> (0x0000000711631bd8) 
thrown [s\open\src\hotspot\share\interpreter\linkResolver.cpp, line 774]
Event: 6.720 Thread 0x00000194200ea1d0 Exception <a 'java/lang/NoSuchMethodError'{0x0000000711636960}: 'java.lang.Object java.lang.invoke.Invokers$Holder.linkToTargetMethod(java.lang.Object, java.lang.Object, java.lang.Object, java.lang.Object, java.lang.Object, java.lang.Object, int, java.lang.Object)'> (0x0000000711636960) 
thrown [s\open\src\hotspot\share\interpreter\linkResolver.cpp, line 774]
Event: 6.730 Thread 0x00000194200ea1d0 Exception <a 'java/lang/NoSuchMethodError'{0x00000007116a90b8}: 'void java.lang.invoke.DirectMethodHandle$Holder.invokeInterface(java.lang.Object, java.lang.Object, java.lang.Object)'> (0x00000007116a90b8) 
thrown [s\open\src\hotspot\share\interpreter\linkResolver.cpp, line 774]
Event: 6.737 Thread 0x00000194200ea1d0 Exception <a 'java/lang/NoSuchMethodError'{0x00000007116fc778}: 'void java.lang.invoke.DirectMethodHandle$Holder.invokeInterface(java.lang.Object, java.lang.Object)'> (0x00000007116fc778) 
thrown [s\open\src\hotspot\share\interpreter\linkResolver.cpp, line 774]
Event: 6.746 Thread 0x00000194200ea1d0 Exception <a 'java/lang/NoSuchMethodError'{0x0000000711778d98}: 'java.lang.Object java.lang.invoke.DirectMethodHandle$Holder.invokeStaticInit(java.lang.Object, java.lang.Object, java.lang.Object)'> (0x0000000711778d98) 
thrown [s\open\src\hotspot\share\interpreter\linkResolver.cpp, line 774]
Event: 7.045 Thread 0x00000194200ea1d0 Exception <a 'java/lang/NoSuchMethodError'{0x0000000710639778}: 'java.lang.Object java.lang.invoke.DirectMethodHandle$Holder.newInvokeSpecial(java.lang.Object, java.lang.Object, java.lang.Object, java.lang.Object, int)'> (0x0000000710639778) 
thrown [s\open\src\hotspot\share\interpreter\linkResolver.cpp, line 774]
Event: 7.046 Thread 0x00000194200ea1d0 Exception <a 'java/lang/NoSuchMethodError'{0x000000071063d748}: 'java.lang.Object java.lang.invoke.Invokers$Holder.linkToTargetMethod(java.lang.Object, java.lang.Object, java.lang.Object, int, java.lang.Object)'> (0x000000071063d748) 
thrown [s\open\src\hotspot\share\interpreter\linkResolver.cpp, line 774]
Event: 7.102 Thread 0x00000194200ea1d0 Exception <a 'java/lang/NoSuchMethodError'{0x00000007105e8428}: 'java.lang.Object java.lang.invoke.DirectMethodHandle$Holder.invokeInterface(java.lang.Object, java.lang.Object, java.lang.Object)'> (0x00000007105e8428) 
thrown [s\open\src\hotspot\share\interpreter\linkResolver.cpp, line 774]
Event: 7.146 Thread 0x00000194200ea1d0 Exception <a 'java/lang/NoSuchMethodError'{0x0000000710391398}: 'double java.lang.invoke.DelegatingMethodHandle$Holder.reinvoke_L(java.lang.Object, java.lang.Object)'> (0x0000000710391398) 
thrown [s\open\src\hotspot\share\interpreter\linkResolver.cpp, line 774]
Event: 7.146 Thread 0x00000194200ea1d0 Exception <a 'java/lang/NoSuchMethodError'{0x000000071039c008}: 'void java.lang.invoke.DelegatingMethodHandle$Holder.reinvoke_L(java.lang.Object, java.lang.Object, double)'> (0x000000071039c008) 
thrown [s\open\src\hotspot\share\interpreter\linkResolver.cpp, line 774]
Event: 7.152 Thread 0x00000194200ea1d0 Exception <a 'java/lang/IncompatibleClassChangeError'{0x00000007103e3708}: Found class java.lang.Object, but interface was expected> (0x00000007103e3708) 
thrown [s\open\src\hotspot\share\interpreter\linkResolver.cpp, line 841]
Event: 27.923 Thread 0x00000194200ea1d0 Exception <a 'java/lang/NoSuchMethodError'{0x000000070fe934d0}: 'double java.lang.invoke.Invokers$Holder.invokeExact_MT(java.lang.Object, java.lang.Object, java.lang.Object)'> (0x000000070fe934d0) 
thrown [s\open\src\hotspot\share\interpreter\linkResolver.cpp, line 774]
Event: 27.932 Thread 0x00000194200ea1d0 Exception <a 'java/lang/NoSuchMethodError'{0x000000070ff1acd8}: 'java.lang.Object java.lang.invoke.DirectMethodHandle$Holder.newInvokeSpecial(java.lang.Object, java.lang.Object, int, java.lang.Object, java.lang.Object, java.lang.Object)'> (0x000000070ff1acd8) 
thrown [s\open\src\hotspot\share\interpreter\linkResolver.cpp, line 774]
Event: 27.933 Thread 0x00000194200ea1d0 Exception <a 'java/lang/NoSuchMethodError'{0x000000070ff22e80}: 'java.lang.Object java.lang.invoke.Invokers$Holder.linkToTargetMethod(java.lang.Object, int, java.lang.Object, java.lang.Object, java.lang.Object, java.lang.Object)'> (0x000000070ff22e80) 
thrown [s\open\src\hotspot\share\interpreter\linkResolver.cpp, line 774]
Event: 27.933 Thread 0x00000194200ea1d0 Exception <a 'java/lang/NoSuchMethodError'{0x000000070ff2f9e8}: 'int java.lang.invoke.DirectMethodHandle$Holder.invokeStatic(java.lang.Object, java.lang.Object, int, java.lang.Object)'> (0x000000070ff2f9e8) 
thrown [s\open\src\hotspot\share\interpreter\linkResolver.cpp, line 774]

VM Operations (20 events):
Event: 53.331 Executing VM operation: Cleanup
Event: 53.331 Executing VM operation: Cleanup done
Event: 54.345 Executing VM operation: Cleanup
Event: 54.345 Executing VM operation: Cleanup done
Event: 55.356 Executing VM operation: Cleanup
Event: 55.356 Executing VM operation: Cleanup done
Event: 59.381 Executing VM operation: Cleanup
Event: 59.381 Executing VM operation: Cleanup done
Event: 60.391 Executing VM operation: Cleanup
Event: 60.391 Executing VM operation: Cleanup done
Event: 61.400 Executing VM operation: Cleanup
Event: 61.400 Executing VM operation: Cleanup done
Event: 76.557 Executing VM operation: Cleanup
Event: 76.557 Executing VM operation: Cleanup done
Event: 78.582 Executing VM operation: Cleanup
Event: 78.582 Executing VM operation: Cleanup done
Event: 83.634 Executing VM operation: Cleanup
Event: 83.634 Executing VM operation: Cleanup done
Event: 85.658 Executing VM operation: Cleanup
Event: 85.658 Executing VM operation: Cleanup done

Events (20 events):
Event: 0.614 Thread 0x0000019477a20fd0 Thread added: 0x0000019477a20fd0
Event: 0.860 Thread 0x00000194208fa780 Thread exited: 0x00000194208fa780
Event: 0.970 Thread 0x000001942149ee70 Thread added: 0x000001942149ee70
Event: 0.990 Thread 0x0000019421510f70 Thread added: 0x0000019421510f70
Event: 1.239 Thread 0x00000194215ebbb0 Thread added: 0x00000194215ebbb0
Event: 1.327 Thread 0x0000019421709f80 Thread added: 0x0000019421709f80
Event: 1.723 Thread 0x0000019477a21dc0 Thread exited: 0x0000019477a21dc0
Event: 2.687 Thread 0x00000194296f0810 Thread added: 0x00000194296f0810
Event: 2.865 Thread 0x00000194296f0810 Thread exited: 0x00000194296f0810
Event: 5.259 Thread 0x0000019420f36150 Thread added: 0x0000019420f36150
Event: 5.312 Thread 0x00000194296eec40 Thread added: 0x00000194296eec40
Event: 5.622 Thread 0x0000019420f32c30 Thread added: 0x0000019420f32c30
Event: 6.010 Thread 0x000001942149ee70 Thread exited: 0x000001942149ee70
Event: 7.623 Thread 0x00000194296eec40 Thread exited: 0x00000194296eec40
Event: 8.249 Thread 0x0000019421510f70 Thread exited: 0x0000019421510f70
Event: 9.788 Thread 0x000001941f9272f0 Thread exited: 0x000001941f9272f0
Event: 11.569 Thread 0x000001941f922130 Thread exited: 0x000001941f922130
Event: 13.628 Thread 0x0000019420f33180 Thread added: 0x0000019420f33180
Event: 22.607 Thread 0x0000019420f33180 Thread exited: 0x0000019420f33180
Event: 77.827 Thread 0x0000019429fda0e0 Thread added: 0x0000019429fda0e0


Dynamic libraries:
0x00007ff785f10000 - 0x00007ff785f20000 	C:\Program Files\Java\jdk-19\bin\java.exe
0x00007ffccfbb0000 - 0x00007ffccfdc7000 	C:\WINDOWS\SYSTEM32\ntdll.dll
0x00007ffccdee0000 - 0x00007ffccdfa4000 	C:\WINDOWS\System32\KERNEL32.DLL
0x00007ffcccf20000 - 0x00007ffccd2c6000 	C:\WINDOWS\System32\KERNELBASE.dll
0x00007ffccd370000 - 0x00007ffccd481000 	C:\WINDOWS\System32\ucrtbase.dll
0x00007ffc9a610000 - 0x00007ffc9a628000 	C:\Program Files\Java\jdk-19\bin\jli.dll
0x00007ffcc8290000 - 0x00007ffcc82ab000 	C:\Program Files\Java\jdk-19\bin\VCRUNTIME140.dll
0x00007ffcce3e0000 - 0x00007ffcce491000 	C:\WINDOWS\System32\ADVAPI32.dll
0x00007ffcce1e0000 - 0x00007ffcce287000 	C:\WINDOWS\System32\msvcrt.dll
0x00007ffcce020000 - 0x00007ffcce0c5000 	C:\WINDOWS\System32\sechost.dll
0x00007ffccf730000 - 0x00007ffccf847000 	C:\WINDOWS\System32\RPCRT4.dll
0x00007ffccdcd0000 - 0x00007ffccde7e000 	C:\WINDOWS\System32\USER32.dll
0x00007ffccd8d0000 - 0x00007ffccd8f6000 	C:\WINDOWS\System32\win32u.dll
0x00007ffcb6f40000 - 0x00007ffcb71d3000 	C:\WINDOWS\WinSxS\amd64_microsoft.windows.common-controls_6595b64144ccf1df_6.0.22621.2506_none_270c5ae97388e100\COMCTL32.dll
0x00007ffccd910000 - 0x00007ffccd939000 	C:\WINDOWS\System32\GDI32.dll
0x00007ffccd500000 - 0x00007ffccd618000 	C:\WINDOWS\System32\gdi32full.dll
0x00007ffccd2d0000 - 0x00007ffccd36a000 	C:\WINDOWS\System32\msvcp_win.dll
0x00007ffcc2f30000 - 0x00007ffcc2f3a000 	C:\WINDOWS\SYSTEM32\VERSION.dll
0x00007ffcce520000 - 0x00007ffcce551000 	C:\WINDOWS\System32\IMM32.DLL
0x00007ffcc69e0000 - 0x00007ffcc69ec000 	C:\Program Files\Java\jdk-19\bin\vcruntime140_1.dll
0x00007ffc74860000 - 0x00007ffc748ee000 	C:\Program Files\Java\jdk-19\bin\msvcp140.dll
0x00007ffc435d0000 - 0x00007ffc44290000 	C:\Program Files\Java\jdk-19\bin\server\jvm.dll
0x00007ffcb2600000 - 0x00007ffcb2609000 	C:\WINDOWS\SYSTEM32\WSOCK32.dll
0x00007ffcc4280000 - 0x00007ffcc42b4000 	C:\WINDOWS\SYSTEM32\WINMM.dll
0x00007ffcce610000 - 0x00007ffcce681000 	C:\WINDOWS\System32\WS2_32.dll
0x00007ffccbf50000 - 0x00007ffccbf68000 	C:\WINDOWS\SYSTEM32\kernel.appcore.dll
0x00007ffcc69d0000 - 0x00007ffcc69da000 	C:\Program Files\Java\jdk-19\bin\jimage.dll
0x00007ffcbf0b0000 - 0x00007ffcbf2e3000 	C:\WINDOWS\SYSTEM32\DBGHELP.DLL
0x00007ffccd940000 - 0x00007ffccdcc9000 	C:\WINDOWS\System32\combase.dll
0x00007ffccedd0000 - 0x00007ffcceea7000 	C:\WINDOWS\System32\OLEAUT32.dll
0x00007ffcbed90000 - 0x00007ffcbedc2000 	C:\WINDOWS\SYSTEM32\dbgcore.DLL
0x00007ffccd790000 - 0x00007ffccd80a000 	C:\WINDOWS\System32\bcryptPrimitives.dll
0x00007ffcbeeb0000 - 0x00007ffcbeed6000 	C:\Program Files\Java\jdk-19\bin\java.dll
0x00007ffc76620000 - 0x00007ffc766f7000 	C:\Program Files\Java\jdk-19\bin\jsvml.dll
0x00007ffcceeb0000 - 0x00007ffccf70a000 	C:\WINDOWS\System32\SHELL32.dll
0x00007ffccadf0000 - 0x00007ffccb6e6000 	C:\WINDOWS\SYSTEM32\windows.storage.dll
0x00007ffccacb0000 - 0x00007ffccadee000 	C:\WINDOWS\SYSTEM32\wintypes.dll
0x00007ffcce690000 - 0x00007ffcce783000 	C:\WINDOWS\System32\SHCORE.dll
0x00007ffccde80000 - 0x00007ffccdede000 	C:\WINDOWS\System32\shlwapi.dll
0x00007ffccce50000 - 0x00007ffccce76000 	C:\WINDOWS\SYSTEM32\profapi.dll
0x00007ffcafdf0000 - 0x00007ffcafe03000 	C:\Program Files\Java\jdk-19\bin\net.dll
0x00007ffcc6320000 - 0x00007ffcc6457000 	C:\WINDOWS\SYSTEM32\WINHTTP.dll
0x00007ffccc3c0000 - 0x00007ffccc429000 	C:\WINDOWS\system32\mswsock.dll
0x00007ffcafdd0000 - 0x00007ffcafde6000 	C:\Program Files\Java\jdk-19\bin\nio.dll
0x00007ffcafdb0000 - 0x00007ffcafdc8000 	C:\Program Files\Java\jdk-19\bin\zip.dll
0x00007ffc58d20000 - 0x00007ffc58eb1000 	C:\Program Files\Java\jdk-19\bin\awt.dll
0x00007ffcca220000 - 0x00007ffcca2b7000 	C:\WINDOWS\SYSTEM32\apphelp.dll
0x00007ffccc710000 - 0x00007ffccc72b000 	C:\WINDOWS\SYSTEM32\CRYPTSP.dll
0x00007ffccbeb0000 - 0x00007ffccbee5000 	C:\WINDOWS\system32\rsaenh.dll
0x00007ffccc460000 - 0x00007ffccc48c000 	C:\WINDOWS\SYSTEM32\USERENV.dll
0x00007ffccc8b0000 - 0x00007ffccc8d8000 	C:\WINDOWS\SYSTEM32\bcrypt.dll
0x00007ffccc6f0000 - 0x00007ffccc6fc000 	C:\WINDOWS\SYSTEM32\CRYPTBASE.dll
0x00007ffccb9c0000 - 0x00007ffccb9ed000 	C:\WINDOWS\SYSTEM32\IPHLPAPI.DLL
0x00007ffcce510000 - 0x00007ffcce519000 	C:\WINDOWS\System32\NSI.dll
0x00007ffcc6470000 - 0x00007ffcc6489000 	C:\WINDOWS\SYSTEM32\dhcpcsvc6.DLL
0x00007ffcc59e0000 - 0x00007ffcc59ff000 	C:\WINDOWS\SYSTEM32\dhcpcsvc.DLL
0x00007ffccb9f0000 - 0x00007ffccbae9000 	C:\WINDOWS\SYSTEM32\DNSAPI.dll
0x00007ffc747d0000 - 0x00007ffc74856000 	C:\Program Files\Java\jdk-19\bin\freetype.dll
0x00007ffc73560000 - 0x00007ffc73626000 	C:\Program Files\Java\jdk-19\bin\fontmanager.dll
0x00007ffcca640000 - 0x00007ffcca66b000 	C:\WINDOWS\system32\DWMAPI.DLL
0x00007ffcca3f0000 - 0x00007ffcca49b000 	C:\WINDOWS\system32\uxtheme.dll
0x00007ffcce290000 - 0x00007ffcce3e0000 	C:\WINDOWS\System32\MSCTF.dll
0x00007ffccf9b0000 - 0x00007ffccfb50000 	C:\WINDOWS\System32\ole32.dll
0x00007ffc3c3a0000 - 0x00007ffc3c4a0000 	C:\WINDOWS\system32\opengl32.dll
0x00007ffc3be80000 - 0x00007ffc3bead000 	C:\WINDOWS\SYSTEM32\GLU32.dll
0x00007ffcca4f0000 - 0x00007ffcca526000 	C:\WINDOWS\SYSTEM32\dxcore.dll
0x00007ffc52000000 - 0x00007ffc521a9000 	C:\WINDOWS\system32\d3d9.dll
0x00007ffcc7410000 - 0x00007ffcc745a000 	C:\WINDOWS\SYSTEM32\directxdatabasehelper.dll
0x00007ffcccbc0000 - 0x00007ffcccbd2000 	C:\WINDOWS\SYSTEM32\msasn1.dll
0x00007ffcbfd50000 - 0x00007ffcbfd82000 	C:\WINDOWS\SYSTEM32\cryptnet.dll
0x00007ffccd620000 - 0x00007ffccd786000 	C:\WINDOWS\System32\CRYPT32.dll
0x00007ffccd490000 - 0x00007ffccd4fb000 	C:\WINDOWS\System32\WINTRUST.DLL
0x00007ffccf710000 - 0x00007ffccf72f000 	C:\WINDOWS\System32\imagehlp.dll
0x00007ffc97060000 - 0x00007ffc9711d000 	C:\WINDOWS\System32\DriverStore\FileRepository\nvam.inf_amd64_02c0ef7507ca16d0\nvldumdx.dll
0x00007ffcbfbf0000 - 0x00007ffcbfd48000 	C:\WINDOWS\SYSTEM32\drvstore.dll
0x00007ffcccbe0000 - 0x00007ffcccc0c000 	C:\WINDOWS\SYSTEM32\devobj.dll
0x00007ffcccc10000 - 0x00007ffcccc5e000 	C:\WINDOWS\SYSTEM32\CFGMGR32.dll
0x00007ffccc640000 - 0x00007ffccc68b000 	C:\WINDOWS\SYSTEM32\wldp.dll
0x00007ffc45430000 - 0x00007ffc48326000 	C:\WINDOWS\System32\DriverStore\FileRepository\nvam.inf_amd64_02c0ef7507ca16d0\nvd3dumx.dll
0x00007ffccc430000 - 0x00007ffccc456000 	C:\WINDOWS\SYSTEM32\gpapi.dll
0x00007ffcc2ab0000 - 0x00007ffcc2c6b000 	C:\Windows\System32\DriverStore\FileRepository\u0382030.inf_amd64_c27c1f19988d7c7e\B381533\aticfx64.dll
0x00007ffc54130000 - 0x00007ffc54164000 	C:\Windows\System32\DriverStore\FileRepository\u0382030.inf_amd64_c27c1f19988d7c7e\B381533\atiu9p64.dll
0x00007ffc446d0000 - 0x00007ffc45425000 	C:\Windows\System32\DriverStore\FileRepository\u0382030.inf_amd64_c27c1f19988d7c7e\B381533\atiumd64.dll
0x0000000053d00000 - 0x0000000054c26000 	C:\WINDOWS\System32\DriverStore\FileRepository\u0382030.inf_amd64_c27c1f19988d7c7e\B381533\atiumd6a.dll
0x00007ffcce790000 - 0x00007ffccec04000 	C:\WINDOWS\System32\SETUPAPI.dll
0x00007ffccc7f0000 - 0x00007ffccc83d000 	C:\WINDOWS\SYSTEM32\POWRPROF.dll
0x00007ffccc7d0000 - 0x00007ffccc7e3000 	C:\WINDOWS\SYSTEM32\UMPDC.dll
0x00007ffcbf3e0000 - 0x00007ffcbf415000 	C:\WINDOWS\SYSTEM32\amdihk64.dll
0x00007ffcc8130000 - 0x00007ffcc8136000 	C:\Users\patri\AppData\Local\Temp\flatlaf.temp\flatlaf-windows-x86_64-279734106028000.dll
0x00007ffcce560000 - 0x00007ffcce610000 	C:\WINDOWS\System32\clbcatq.dll
0x00007ffcc8750000 - 0x00007ffcc8900000 	C:\WINDOWS\SYSTEM32\WindowsCodecs.dll
0x00007ffca5580000 - 0x00007ffca55de000 	C:\WINDOWS\system32\dataexchange.dll
0x00007ffcc3df0000 - 0x00007ffcc4075000 	C:\WINDOWS\system32\twinapi.appcore.dll
0x00007ffcb8b00000 - 0x00007ffcb8c4a000 	C:\WINDOWS\SYSTEM32\textinputframework.dll
0x00007ffcc9f40000 - 0x00007ffcca073000 	C:\WINDOWS\SYSTEM32\CoreMessaging.dll
0x00007ffcc6610000 - 0x00007ffcc697c000 	C:\WINDOWS\SYSTEM32\CoreUIComponents.dll
0x00007ffcbe940000 - 0x00007ffcbe950000 	C:\Program Files\Java\jdk-19\bin\verify.dll
0x00007ffcc5350000 - 0x00007ffcc535a000 	C:\Windows\System32\rasadhlp.dll
0x00007ffcc41f0000 - 0x00007ffcc4273000 	C:\WINDOWS\System32\fwpuclnt.dll
0x00007ffcafda0000 - 0x00007ffcafda8000 	C:\Program Files\Java\jdk-19\bin\extnet.dll
0x00007ffc9db20000 - 0x00007ffc9db2e000 	C:\Program Files\Java\jdk-19\bin\sunmscapi.dll
0x00007ffccc880000 - 0x00007ffccc8ad000 	C:\WINDOWS\SYSTEM32\ncrypt.dll
0x00007ffccc840000 - 0x00007ffccc877000 	C:\WINDOWS\SYSTEM32\NTASN1.dll
0x00007ffc9a6a0000 - 0x00007ffc9a6ea000 	C:\Windows\System32\libzkfp.dll
0x00007ffcb7f50000 - 0x00007ffcb7f6d000 	C:\WINDOWS\SYSTEM32\ZKFPCap.dll
0x00007ffc434d0000 - 0x00007ffc435c2000 	C:\WINDOWS\SYSTEM32\fpslib.dll
0x00007ffc9a5f0000 - 0x00007ffc9a60d000 	C:\WINDOWS\SYSTEM32\ZKFPSensors\libidfprcap.dll
0x00007ffc997c0000 - 0x00007ffc997ee000 	C:\WINDOWS\SYSTEM32\ZKFPSensors\libsilkidcap.dll
0x0000000053ad0000 - 0x0000000053ae5000 	C:\WINDOWS\SYSTEM32\libusb0.dll
0x00007ffc9a5d0000 - 0x00007ffc9a5eb000 	C:\WINDOWS\SYSTEM32\ZKFPSensors\libzkfpmodulecap.dll
0x00007ffc762c0000 - 0x00007ffc76309000 	C:\WINDOWS\SYSTEM32\ZKFPSensors\libzklibcap.dll
0x0000000180000000 - 0x0000000180023000 	C:\WINDOWS\SYSTEM32\zkfpslibLow.dll
0x000001942f700000 - 0x000001943007a000 	C:\WINDOWS\SYSTEM32\fppswsk12.dll
0x00007ffccf850000 - 0x00007ffccf858000 	C:\WINDOWS\System32\PSAPI.DLL
0x00007ffcb6e90000 - 0x00007ffcb6f38000 	C:\WINDOWS\SYSTEM32\WINSPOOL.DRV
0x000001942f540000 - 0x000001942f684000 	C:\WINDOWS\SYSTEM32\libiomp5md.dll
0x00007ffcb6b40000 - 0x00007ffcb6b57000 	C:\WINDOWS\system32\napinsp.dll
0x00007ffcb6b20000 - 0x00007ffcb6b3b000 	C:\WINDOWS\system32\pnrpnsp.dll
0x00007ffcb6b00000 - 0x00007ffcb6b11000 	C:\WINDOWS\System32\winrnr.dll
0x00007ffcc5470000 - 0x00007ffcc5485000 	C:\WINDOWS\system32\wshbth.dll
0x00007ffcb6910000 - 0x00007ffcb6931000 	C:\WINDOWS\system32\nlansp_c.dll
0x00007ffc9de10000 - 0x00007ffc9de17000 	C:\Program Files\Java\jdk-19\bin\jawt.dll

dbghelp: loaded successfully - version: 4.0.5 - missing functions: none
symbol engine: initialized successfully - sym options: 0x614 - pdb path: .;C:\Program Files\Java\jdk-19\bin;C:\WINDOWS\SYSTEM32;C:\WINDOWS\WinSxS\amd64_microsoft.windows.common-controls_6595b64144ccf1df_6.0.22621.2506_none_270c5ae97388e100;C:\Program Files\Java\jdk-19\bin\server;C:\WINDOWS\System32\DriverStore\FileRepository\nvam.inf_amd64_02c0ef7507ca16d0;C:\Windows\System32\DriverStore\FileRepository\u0382030.inf_amd64_c27c1f19988d7c7e\B381533;C:\Users\patri\AppData\Local\Temp\flatlaf.temp;C:\WINDOWS\SYSTEM32\ZKFPSensors

VM Arguments:
java_command: GUI.application.Application
java_class_path (initial): C:\Users\patri\OneDrive\Documentos\NetBeansProjects\Registration-System\target\classes;C:\Users\patri\.m2\repository\org\hibernate\orm\hibernate-core\6.4.1.Final\hibernate-core-6.4.1.Final.jar;C:\Users\patri\.m2\repository\jakarta\persistence\jakarta.persistence-api\3.1.0\jakarta.persistence-api-3.1.0.jar;C:\Users\patri\.m2\repository\jakarta\transaction\jakarta.transaction-api\2.0.1\jakarta.transaction-api-2.0.1.jar;C:\Users\patri\.m2\repository\org\jboss\logging\jboss-logging\3.5.0.Final\jboss-logging-3.5.0.Final.jar;C:\Users\patri\.m2\repository\org\hibernate\common\hibernate-commons-annotations\6.0.6.Final\hibernate-commons-annotations-6.0.6.Final.jar;C:\Users\patri\.m2\repository\io\smallrye\jandex\3.1.2\jandex-3.1.2.jar;C:\Users\patri\.m2\repository\com\fasterxml\classmate\1.5.1\classmate-1.5.1.jar;C:\Users\patri\.m2\repository\jakarta\xml\bind\jakarta.xml.bind-api\4.0.0\jakarta.xml.bind-api-4.0.0.jar;C:\Users\patri\.m2\repository\jakarta\activation\jakarta.activation-api\2.1.0\jakarta.activation-api-2.1.0.jar;C:\Users\patri\.m2\repository\org\glassfish\jaxb\jaxb-runtime\4.0.2\jaxb-runtime-4.0.2.jar;C:\Users\patri\.m2\repository\org\glassfish\jaxb\jaxb-core\4.0.2\jaxb-core-4.0.2.jar;C:\Users\patri\.m2\repository\org\eclipse\angus\angus-activation\2.0.0\angus-activation-2.0.0.jar;C:\Users\patri\.m2\repository\org\glassfish\jaxb\txw2\4.0.2\txw2-4.0.2.jar;C:\Users\patri\.m2\repository\com\sun\istack\istack-commons-runtime\4.1.1\istack-commons-runtime-4.1.1.jar;C:\Users\patri\.m2\repository\jakarta\inject\jakarta.inject-api\2.0.1\jakarta.inject-api-2.0.1.jar;C:\Users\patri\.m2\repository\org\antlr\antlr4-runtime\4.13.0\antlr4-runtime-4.13.0.jar;C:\Users\patri\.m2\repository\org\slf4j\slf4j-simple\1.7.5\slf4j-simple-1.7.5.jar;C:\Users\patri\.m2\repository\org\slf4j\slf4j-api\1.7.5\slf4j-api-1.7.5.jar;C:\Users\patri\.m2\repository\com\mysql\mysql-connector-j\8.2.0\mysql-connector-j-8.2.0.jar;C:\Users\patri\.m2\repository\com\google\protobuf\protobuf-java\3.21.9\protobuf-java-3.21.9.jar;C:\Users\patri\.m2\repository\dom4j\dom4j\1.1\dom4j-1.1.jar;C:\Users\patri\.m2\repository\net\bytebuddy\byte-buddy\1.14.11\byte-buddy-1.14.11.jar;C:\Users\patri\.m2\repository\com\formdev\flatlaf\3.2\flatlaf-3.2.jar;C:\Users\patri\.m2\repository\com\formdev\flatlaf-extras\3.2\flatlaf-extras-3.2.jar;C:\Users\patri\.m2\repository\com\github\weisj\jsvg\1.2.0\jsvg-1.2.0.jar;C:\Users\patri\.m2\repository\com\formdev\flatlaf-fonts-roboto\2.137\flatlaf-fonts-roboto-2.137.jar;C:\Users\patri\.m2\repository\org\netbeans\external\AbsoluteLayout\RELEASE180\AbsoluteLayout-RELEASE180.jar;C:\Users\patri\.m2\repository\com\zkteco\ZKFingerReader\1.0-SNAPSHOT\ZKFingerReader-1.0-SNAPSHOT.jar
Launcher Type: SUN_STANDARD

[Global flags]
     intx CICompilerCount                          = 12                                        {product} {ergonomic}
     uint ConcGCThreads                            = 3                                         {product} {ergonomic}
     uint G1ConcRefinementThreads                  = 13                                        {product} {ergonomic}
   size_t G1HeapRegionSize                         = 2097152                                   {product} {ergonomic}
    uintx GCDrainStackTargetSize                   = 64                                        {product} {ergonomic}
   size_t InitialHeapSize                          = 260046848                                 {product} {ergonomic}
   size_t MarkStackSize                            = 4194304                                   {product} {ergonomic}
   size_t MaxHeapSize                              = 4139778048                                {product} {ergonomic}
   size_t MaxNewSize                               = 2483027968                                {product} {ergonomic}
   size_t MinHeapDeltaBytes                        = 2097152                                   {product} {ergonomic}
   size_t MinHeapSize                              = 8388608                                   {product} {ergonomic}
    uintx NonNMethodCodeHeapSize                   = 7602480                                {pd product} {ergonomic}
    uintx NonProfiledCodeHeapSize                  = 122027880                              {pd product} {ergonomic}
    uintx ProfiledCodeHeapSize                     = 122027880                              {pd product} {ergonomic}
    uintx ReservedCodeCacheSize                    = 251658240                              {pd product} {ergonomic}
     bool SegmentedCodeCache                       = true                                      {product} {ergonomic}
   size_t SoftMaxHeapSize                          = 4139778048                             {manageable} {ergonomic}
     bool UseCompressedClassPointers               = true                           {product lp64_product} {ergonomic}
     bool UseCompressedOops                        = true                           {product lp64_product} {ergonomic}
     bool UseG1GC                                  = true                                      {product} {ergonomic}
     bool UseLargePagesIndividualAllocation        = false                                  {pd product} {ergonomic}

Logging:
Log output configuration:
 #0: stdout all=warning uptime,level,tags foldmultilines=false
 #1: stderr all=off uptime,level,tags foldmultilines=false

Environment Variables:
JAVA_HOME=C:\Program Files\Java\jdk-19
PATH=C:\oraclexe\app\oracle\product\10.2.0\server\bin;C:\Program Files\Common Files\Oracle\Java\javapath;C:\WINDOWS\system32;C:\WINDOWS;C:\WINDOWS\System32\Wbem;C:\WINDOWS\System32\WindowsPowerShell\v1.0\;C:\Program Files\nodejs\;C:\Program Files\PuTTY\;C:\WINDOWS\System32\OpenSSH\;C:\Program Files\Java\jdk-19\bin;C:\Program Files\Git\cmd;C:\Program Files\PowerShell\7-preview\preview;C:\Program Files\PowerShell\7\;C:\Program Files\Microsoft SQL Server\150\Tools\Binn\;C:\Program Files\Microsoft SQL Server\Client SDK\ODBC\170\Tools\Binn\;C:\Program Files\dotnet\;C:\Program Files (x86)\Windows Kits\10\Windows Performance Toolkit\;C:\Ruby32-x64\bin;C:\Users\patri\.console-ninja\.bin;C:\Users\patri\AppData\Local\Microsoft\WindowsApps;C:\Users\patri\AppData\Local\Programs\Microsoft VS Code\bin;C:\Users\patri\AppData\Roaming\npm;C:\Program Files\Java\jdk-19\bin;C:\Users\patri\AppData\Local\Microsoft\WindowsApps;C:\Users\patri\.dotnet\tools;C:\maven\apache-maven-3.9.6\bin;
USERNAME=patri
OS=Windows_NT
PROCESSOR_IDENTIFIER=AMD64 Family 23 Model 96 Stepping 1, AuthenticAMD
TMP=C:\Users\patri\AppData\Local\Temp
TEMP=C:\Users\patri\AppData\Local\Temp



---------------  S Y S T E M  ---------------

OS:
 Windows 11 , 64 bit Build 22621 (10.0.22621.2506)
OS uptime: 0 days 7:47 hours
Hyper-V role detected

CPU: total 16 (initial active 16) (16 cores per cpu, 2 threads per core) family 23 model 96 stepping 1 microcode 0x0, cx8, cmov, fxsr, ht, mmx, 3dnowpref, sse, sse2, sse3, ssse3, sse4a, sse4.1, sse4.2, popcnt, lzcnt, tsc, tscinvbit, avx, avx2, aes, clmul, bmi1, bmi2, adx, sha, fma, vzeroupper, clflush, clflushopt, hv, rdtscp, rdpid

Memory: 4k page, system-wide physical 15790M (3811M free)
TotalPageFile size 28000M (AvailPageFile size 3524M)
current process WorkingSet (physical memory assigned to process): 279M, peak: 297M
current process commit charge ("private bytes"): 435M, peak: 474M

vm_info: Java HotSpot(TM) 64-Bit Server VM (19.0.2+7-44) for windows-amd64 JRE (19.0.2+7-44), built on 2022-11-30T18:02:09Z by "mach5one" with MS VC++ 17.1 (VS2022)

END.
